Release 14.5 - xst P.58f (nt64)
Copyright (c) 1995-2012 Xilinx, Inc.  All rights reserved.
--> Parameter TMPDIR set to xst/projnav.tmp


Total REAL time to Xst completion: 1.00 secs
Total CPU time to Xst completion: 1.18 secs
 
--> Parameter xsthdpdir set to xst


Total REAL time to Xst completion: 1.00 secs
Total CPU time to Xst completion: 1.21 secs
 
--> Reading design: my_alu.prj

TABLE OF CONTENTS
  1) Synthesis Options Summary
  2) HDL Parsing
  3) HDL Elaboration
  4) HDL Synthesis
       4.1) HDL Synthesis Report
  5) Advanced HDL Synthesis
       5.1) Advanced HDL Synthesis Report
  6) Low Level Synthesis
  7) Partition Report
  8) Design Summary
       8.1) Primitive and Black Box Usage
       8.2) Device utilization summary
       8.3) Partition Resource Summary
       8.4) Timing Report
            8.4.1) Clock Information
            8.4.2) Asynchronous Control Signals Information
            8.4.3) Timing Summary
            8.4.4) Timing Details
            8.4.5) Cross Clock Domains Report


=========================================================================
*                      Synthesis Options Summary                        *
=========================================================================
---- Source Parameters
Input File Name                    : "my_alu.prj"
Ignore Synthesis Constraint File   : NO

---- Target Parameters
Output File Name                   : "my_alu"
Output Format                      : NGC
Target Device                      : xc6vlx240t-1-ff1156

---- Source Options
Top Module Name                    : my_alu
Automatic FSM Extraction           : YES
FSM Encoding Algorithm             : Auto
Safe Implementation                : No
FSM Style                          : LUT
RAM Extraction                     : Yes
RAM Style                          : Auto
ROM Extraction                     : Yes
Shift Register Extraction          : YES
ROM Style                          : Auto
Resource Sharing                   : YES
Asynchronous To Synchronous        : NO
Shift Register Minimum Size        : 2
Use DSP Block                      : Auto
Automatic Register Balancing       : No

---- Target Options
LUT Combining                      : Auto
Reduce Control Sets                : Auto
Add IO Buffers                     : YES
Global Maximum Fanout              : 100000
Add Generic Clock Buffer(BUFG)     : 32
Register Duplication               : YES
Optimize Instantiated Primitives   : NO
Use Clock Enable                   : Auto
Use Synchronous Set                : Auto
Use Synchronous Reset              : Auto
Pack IO Registers into IOBs        : Auto
Equivalent register Removal        : YES

---- General Options
Optimization Goal                  : Speed
Optimization Effort                : 1
Power Reduction                    : NO
Keep Hierarchy                     : No
Netlist Hierarchy                  : As_Optimized
RTL Output                         : Yes
Global Optimization                : AllClockNets
Read Cores                         : YES
Write Timing Constraints           : NO
Cross Clock Analysis               : NO
Hierarchy Separator                : /
Bus Delimiter                      : <>
Case Specifier                     : Maintain
Slice Utilization Ratio            : 100
BRAM Utilization Ratio             : 100
DSP48 Utilization Ratio            : 100
Auto BRAM Packing                  : NO
Slice Utilization Ratio Delta      : 5

=========================================================================


=========================================================================
*                          HDL Parsing                                  *
=========================================================================
Parsing VHDL file "C:\Users\cathy\Documents\UCR\spring2015\CS161L\lab2\lab2_alu\my_alu.vhd" into library work
Parsing entity <my_alu>.
Parsing architecture <behavioral> of entity <my_alu>.

=========================================================================
*                            HDL Elaboration                            *
=========================================================================

Elaborating entity <my_alu> (architecture <behavioral>) with generics from library <work>.
WARNING:HDLCompiler:634 - "C:\Users\cathy\Documents\UCR\spring2015\CS161L\lab2\lab2_alu\my_alu.vhd" Line 204: Net <tmp[35]> does not have a driver.

=========================================================================
*                           HDL Synthesis                               *
=========================================================================

Synthesizing Unit <my_alu>.
    Related source file is "C:\Users\cathy\Documents\UCR\spring2015\CS161L\lab2\lab2_alu\my_alu.vhd".
        NUMBITS = 32
WARNING:Xst:653 - Signal <tmp> is used but never assigned. This sourceless signal will be automatically connected to value GND.
WARNING:Xst:737 - Found 1-bit latch for signal <result<34>>. Latches may be generated from incomplete case or if statements. We do not recommend the use of latches in FPGA/CPLD designs, as they may lead to timing problems.
WARNING:Xst:737 - Found 1-bit latch for signal <overflow>. Latches may be generated from incomplete case or if statements. We do not recommend the use of latches in FPGA/CPLD designs, as they may lead to timing problems.
WARNING:Xst:737 - Found 1-bit latch for signal <carryout>. Latches may be generated from incomplete case or if statements. We do not recommend the use of latches in FPGA/CPLD designs, as they may lead to timing problems.
WARNING:Xst:737 - Found 1-bit latch for signal <zero>. Latches may be generated from incomplete case or if statements. We do not recommend the use of latches in FPGA/CPLD designs, as they may lead to timing problems.
    Found 32-bit comparator greater for signal <n0006> created at line 292
    Found 32-bit comparator greater for signal <GND_6_o_B[31]_LessThan_10_o> created at line 292
    Found 32-bit comparator greater for signal <GND_6_o_tmp[31]_LessThan_11_o> created at line 292
    Summary:
	inferred   4 Latch(s).
	inferred   3 Comparator(s).
	inferred   4 Multiplexer(s).
Unit <my_alu> synthesized.

=========================================================================
HDL Synthesis Report

Macro Statistics
# Latches                                              : 4
 1-bit latch                                           : 4
# Comparators                                          : 3
 32-bit comparator greater                             : 3
# Multiplexers                                         : 4
 1-bit 2-to-1 multiplexer                              : 4

=========================================================================

=========================================================================
*                       Advanced HDL Synthesis                          *
=========================================================================

WARNING:Xst:1710 - FF/Latch <result_34> (without init value) has a constant value of 0 in block <my_alu>. This FF/Latch will be trimmed during the optimization process.
WARNING:Xst:1710 - FF/Latch <zero> (without init value) has a constant value of 1 in block <my_alu>. This FF/Latch will be trimmed during the optimization process.

=========================================================================
Advanced HDL Synthesis Report

Macro Statistics
# Comparators                                          : 3
 32-bit comparator greater                             : 3
# Multiplexers                                         : 4
 1-bit 2-to-1 multiplexer                              : 4

=========================================================================

=========================================================================
*                         Low Level Synthesis                           *
=========================================================================
WARNING:Xst:1710 - FF/Latch <result_34> (without init value) has a constant value of 0 in block <my_alu>. This FF/Latch will be trimmed during the optimization process.
WARNING:Xst:1710 - FF/Latch <zero> (without init value) has a constant value of 1 in block <my_alu>. This FF/Latch will be trimmed during the optimization process.

Optimizing unit <my_alu> ...

Mapping all equations...
Building and optimizing final netlist ...
Found area constraint ratio of 100 (+ 5) on block my_alu, actual ratio is 0.

Final Macro Processing ...

=========================================================================
Final Register Report

Found no macro
=========================================================================

=========================================================================
*                           Partition Report                            *
=========================================================================

Partition Implementation Status
-------------------------------

  No Partitions were found in this design.

-------------------------------

=========================================================================
*                            Design Summary                             *
=========================================================================

Top Level Output File Name         : my_alu.ngc

Primitive and Black Box Usage:
------------------------------
# BELS                             : 5
#      GND                         : 1
#      LUT4                        : 3
#      VCC                         : 1
# FlipFlops/Latches                : 2
#      LD                          : 2
# IO Buffers                       : 45
#      IBUF                        : 6
#      OBUF                        : 39

Device utilization summary:
---------------------------

Selected Device : 6vlx240tff1156-1 


Slice Logic Utilization: 
 Number of Slice LUTs:                    3  out of  150720     0%  
    Number used as Logic:                 3  out of  150720     0%  

Slice Logic Distribution: 
 Number of LUT Flip Flop pairs used:      3
   Number with an unused Flip Flop:       3  out of      3   100%  
   Number with an unused LUT:             0  out of      3     0%  
   Number of fully used LUT-FF pairs:     0  out of      3     0%  
   Number of unique control sets:         1

IO Utilization: 
 Number of IOs:                         107
 Number of bonded IOBs:                  45  out of    600     7%  
    IOB Flip Flops/Latches:               2

Specific Feature Utilization:

---------------------------
Partition Resource Summary:
---------------------------

  No Partitions were found in this design.

---------------------------


=========================================================================
Timing Report

NOTE: THESE TIMING NUMBERS ARE ONLY A SYNTHESIS ESTIMATE.
      FOR ACCURATE TIMING INFORMATION PLEASE REFER TO THE TRACE REPORT
      GENERATED AFTER PLACE-and-ROUTE.

Clock Information:
------------------
-----------------------------------+------------------------+-------+
Clock Signal                       | Clock buffer(FF name)  | Load  |
-----------------------------------+------------------------+-------+
_n0138<2>(_n0138<2>1:O)            | NONE(*)(carryout)      | 2     |
-----------------------------------+------------------------+-------+
(*) This 1 clock signal(s) are generated by combinatorial logic,
and XST is not able to identify which are the primary clock signals.
Please use the CLOCK_SIGNAL constraint to specify the clock signal(s) generated by combinatorial logic.
INFO:Xst:2169 - HDL ADVISOR - Some clock signals were not automatically buffered by XST with BUFG/BUFR resources. Please use the buffer_type constraint in order to insert these buffers to the clock signals to help prevent skew problems.

Asynchronous Control Signals Information:
----------------------------------------
No asynchronous control signals found in this design

Timing Summary:
---------------
Speed Grade: -1

   Minimum period: No path found
   Minimum input arrival time before clock: 0.715ns
   Maximum output required time after clock: 0.789ns
   Maximum combinational path delay: No path found

Timing Details:
---------------
All values displayed in nanoseconds (ns)

=========================================================================
Timing constraint: Default OFFSET IN BEFORE for Clock '_n0138<2>'
  Total number of paths / destination ports: 8 / 2
-------------------------------------------------------------------------
Offset:              0.715ns (Levels of Logic = 2)
  Source:            opcode<3> (PAD)
  Destination:       carryout (LATCH)
  Destination Clock: _n0138<2> falling

  Data Path: opcode<3> to carryout
                                Gate     Net
    Cell:in->out      fanout   Delay   Delay  Logical Name (Net Name)
    ----------------------------------------  ------------
     IBUF:I->O             2   0.003   0.644  opcode_3_IBUF (opcode_3_IBUF)
     LUT4:I0->O            1   0.068   0.000  _n0180<3>1 (_n0180)
     LD:D                     -0.047          carryout
    ----------------------------------------
    Total                      0.715ns (0.071ns logic, 0.644ns route)
                                       (9.9% logic, 90.1% route)

=========================================================================
Timing constraint: Default OFFSET OUT AFTER for Clock '_n0138<2>'
  Total number of paths / destination ports: 2 / 2
-------------------------------------------------------------------------
Offset:              0.789ns (Levels of Logic = 1)
  Source:            carryout (LATCH)
  Destination:       carryout (PAD)
  Source Clock:      _n0138<2> falling

  Data Path: carryout to carryout
                                Gate     Net
    Cell:in->out      fanout   Delay   Delay  Logical Name (Net Name)
    ----------------------------------------  ------------
     LD:G->Q               1   0.387   0.399  carryout (carryout_OBUF)
     OBUF:I->O                 0.003          carryout_OBUF (carryout)
    ----------------------------------------
    Total                      0.789ns (0.390ns logic, 0.399ns route)
                                       (49.4% logic, 50.6% route)

=========================================================================

Cross Clock Domains Report:
--------------------------

=========================================================================


Total REAL time to Xst completion: 22.00 secs
Total CPU time to Xst completion: 22.11 secs
 
--> 

Total memory usage is 286728 kilobytes

Number of errors   :    0 (   0 filtered)
Number of warnings :   10 (   0 filtered)
Number of infos    :    1 (   0 filtered)

