Running: C:\Xilinx\14.5\ISE_DS\ISE\bin\nt64\unwrapped\fuse.exe -intstyle ise -incremental -lib secureip -o C:/Users/cathy/Documents/UCR/spring2015/CS161L/lab4/inc/lab4/alu_control_tb_isim_beh.exe -prj C:/Users/cathy/Documents/UCR/spring2015/CS161L/lab4/inc/lab4/alu_control_tb_beh.prj work.alu_control_tb 
ISim P.58f (signature 0x7708f090)
Number of CPUs detected in this system: 4
Turning on mult-threading, number of parallel sub-compilation jobs: 8 
Determining compilation order of HDL files
Parsing VHDL file "C:/Users/cathy/Documents/UCR/spring2015/CS161L/lab4/inc/lab4/cpu_constant_library.vhd" into library work
Parsing VHDL file "C:/Users/cathy/Documents/UCR/spring2015/CS161L/lab4/inc/lab4/alu_control.vhd" into library work
Parsing VHDL file "C:/Users/cathy/Documents/UCR/spring2015/CS161L/lab4/inc/lab4/alu_control_tb.vhd" into library work
Starting static elaboration
Completed static elaboration
Compiling package standard
Compiling package std_logic_1164
Compiling package cpu_constant_library
Compiling architecture behavioral of entity alu_control [alu_control_default]
Compiling architecture behavior of entity alu_control_tb
Time Resolution for simulation is 1ps.
Waiting for 1 sub-compilation(s) to finish...
Compiled 6 VHDL Units
Built simulation executable C:/Users/cathy/Documents/UCR/spring2015/CS161L/lab4/inc/lab4/alu_control_tb_isim_beh.exe
Fuse Memory Usage: 30268 KB
Fuse CPU Usage: 982 ms
