ISim log file
Running: C:\Users\cathy\Documents\UCR\spring2015\CS161L\lab1\lab1_alu\my_alu_tb_isim_beh.exe -intstyle ise -gui -tclbatch isim.cmd -wdb C:/Users/cathy/Documents/UCR/spring2015/CS161L/lab1/lab1_alu/my_alu_tb_isim_beh.wdb 
ISim P.58f (signature 0x7708f090)
This is a Full version of ISim.
Time resolution is 1 ps
# onerror resume
# wave add /
# run 1000 ns
Simulator is doing circuit initialization process.
at 0 ps, Instance /my_alu_tb/uut/ : Warning: There is an 'U'|'X'|'W'|'Z'|'-' in an arithmetic operand, the result will be 'X'(es).
Finished circuit initialization process.
at 100 ns: Note: Unsigned Add Test Cases (/my_alu_tb/).
at 140 ns: Note: Signed Add Test Cases (/my_alu_tb/).
at 170 ns: Note: Unsigned Subtract Test Cases (/my_alu_tb/).
at 230 ns: Note: Signed Subtract Test Cases (/my_alu_tb/).
at 265 ns: Error: (4)Signed sub error result
at 270 ns: Note: Bitwise AND Test Cases (/my_alu_tb/).
at 300 ns: Note: Bitwise OR Test Cases (/my_alu_tb/).
at 325 ns: Note: Bitwise XOR Test Cases (/my_alu_tb/).
at 355 ns: Note: Div2 Test Cases (/my_alu_tb/).
